============================= test session starts =============================
platform win32 -- Python 3.12.7, pytest-7.4.4, pluggy-1.6.0 -- C:\Users\ansar\anaconda3\python.exe
cachedir: .pytest_cache
rootdir: D:\sem4\openalgo
configfile: pyproject.toml
plugins: anyio-4.2.0, cov-7.0.0, timeout-2.4.0
timeout: 60.0s
timeout method: thread
timeout func_only: False
collecting ... collected 21 items

test/test_place_order_service.py::TestValidateOrderData::test_valid_order_returns_success PASSED [  4%]
test/test_place_order_service.py::TestValidateOrderData::test_missing_symbol_returns_error PASSED [  9%]
test/test_place_order_service.py::TestValidateOrderData::test_missing_action_returns_error PASSED [ 14%]
test/test_place_order_service.py::TestValidateOrderData::test_missing_multiple_fields_reports_all PASSED [ 19%]
test/test_place_order_service.py::TestValidateOrderData::test_invalid_exchange_returns_error PASSED [ 23%]
test/test_place_order_service.py::TestValidateOrderData::test_invalid_action_returns_error PASSED [ 28%]
test/test_place_order_service.py::TestValidateOrderData::test_action_case_insensitive PASSED [ 33%]
test/test_place_order_service.py::TestValidateOrderData::test_invalid_product_type_returns_error PASSED [ 38%]
test/test_place_order_service.py::TestValidateOrderData::test_invalid_pricetype_returns_error PASSED [ 42%]
test/test_place_order_service.py::TestValidateOrderData::test_zero_quantity_returns_error PASSED [ 47%]
test/test_place_order_service.py::TestValidateOrderData::test_negative_quantity_returns_error PASSED [ 52%]
test/test_place_order_service.py::TestValidateOrderData::test_valid_exchanges_accepted PASSED [ 57%]
test/test_place_order_service.py::TestImportBrokerModule::test_valid_broker_returns_module PASSED [ 61%]
test/test_place_order_service.py::TestImportBrokerModule::test_invalid_broker_returns_none PASSED [ 66%]
test/test_place_order_service.py::TestImportBrokerModule::test_empty_broker_name_returns_none PASSED [ 71%]
test/test_place_order_service.py::TestEmitAnalyzerError::test_response_format PASSED [ 76%]
test/test_place_order_service.py::TestEmitAnalyzerError::test_apikey_stripped_from_analyzer_request PASSED [ 80%]
test/test_place_order_service.py::TestEmitAnalyzerError::test_socket_event_emitted PASSED [ 85%]
test/test_place_order_service.py::TestSecurityEdgeCases::test_sql_injection_in_symbol PASSED [ 90%]
test/test_place_order_service.py::TestSecurityEdgeCases::test_xss_in_exchange_rejected PASSED [ 95%]
test/test_place_order_service.py::TestSecurityEdgeCases::test_non_numeric_quantity_returns_error PASSED [100%]

============================= 21 passed in 1.21s ==============================
